
> ebc@0.1.0 build
> react-scripts --openssl-legacy-provider build

Creating an optimized production build...
Compiled with warnings.

[eslint] 
src/components/Dashboard.js
  Line 16:10:  'createGradientSegments' is defined but never used                                                                                                                                                                                                                                   no-unused-vars
  Line 18:10:  'preCalculatedBounds' is defined but never used                                                                                                                                                                                                                                      no-unused-vars
  Line 124:6:  React Hook useEffect has missing dependencies: 'effectivePaddingBottomRight' and 'effectivePaddingTopLeft'. Either include them or remove the dependency array. Outer scope values like 'isDesktop' aren't valid dependencies because mutating them doesn't re-render the component  react-hooks/exhaustive-deps

src/components/GeoJsonRoutes.js
  Line 14:5:    'paddingTopLeft' is assigned a value but never used      no-unused-vars
  Line 15:5:    'paddingBottomRight' is assigned a value but never used  no-unused-vars
  Line 136:13:  'isActiveDayInZoom' is assigned a value but never used   no-unused-vars

src/components/POI.js
  Line 22:5:  'paddingTopLeft' is assigned a value but never used      no-unused-vars
  Line 23:5:  'paddingBottomRight' is assigned a value but never used  no-unused-vars

Search for the keywords to learn more about each warning.
To ignore, add // eslint-disable-next-line to the line before.

File sizes after gzip:

  158.18 kB  build/static/js/main.cfe11d52.js
  2.56 kB    build/static/css/main.7abb1bf0.css

The project was built assuming it is hosted at /ebc/.
You can control this with the homepage field in your package.json.

The build folder is ready to be deployed.

Find out more about deployment here:

  https://cra.link/deployment

